<?xml version="1.0" encoding="UTF-8"?>
<!-- Generated by org.testng.reporters.JUnitReportReporter -->
<testsuite hostname="Himanshu-PC" failures="0" tests="6" name="TestRunner.Run" time="79.416" errors="0" timestamp="2023-12-08T16:41:16 IST" skipped="0">
  <testcase classname="TestRunner.Run" name="runScenario" time="11.885"/>
  <testcase classname="TestRunner.Run" name="runScenario" time="10.784"/>
  <testcase classname="TestRunner.Run" name="runScenario" time="14.805"/>
  <testcase classname="TestRunner.Run" name="runScenario" time="14.844"/>
  <testcase classname="TestRunner.Run" name="runScenario" time="13.743"/>
  <testcase classname="TestRunner.Run" name="runScenario" time="13.355"/>
</testsuite> <!-- TestRunner.Run -->
